<?xml version="1.0" encoding="UTF-8"?>
<testsuite xmlns:xsi="http://www.w3.org/2001/XMLSchema-instance" xsi:noNamespaceSchemaLocation="https://maven.apache.org/surefire/maven-surefire-plugin/xsd/surefire-test-report.xsd" name="Import a File on Contacts Module" time="69.554" tests="4" errors="0" skipped="1" failures="0">
  <properties>
[...]
</properties>
  <testcase name="Verifying the import button" classname="Import a File on Contacts Module" time="22.566"/>
  <testcase name=": Validation of load file button" classname="Import a File on Contacts Module" time="0">
    <skipped message="TODO: implement me"/>
  </testcase>
  <testcase name="Validation of the cancel button" classname="Import a File on Contacts Module" time="16.149"/>
  <testcase name="Validation of the help button" classname="Import a File on Contacts Module" time="17.763"/>
</testsuite>